<?xml version="1.0" encoding="UTF-8"?>
<!-- Generated by org.testng.reporters.JUnitReportReporter -->
<testsuite hostname="DhruvPrajapati" failures="0" tests="1" name="TC_AB.Tc_Notifications" time="22.872" errors="0" timestamp="2025-07-03T14:51:08 IST" skipped="0">
  <testcase classname="TC_AB.Tc_Notifications" name="notificationCases" time="22.872"/>
</testsuite> <!-- TC_AB.Tc_Notifications -->
