<?xml version="1.0" encoding="UTF-8"?>
<!-- Generated by org.testng.reporters.JUnitReportReporter -->
<testsuite hostname="DhruvPrajapati" failures="0" tests="4" name="pageFactory.LogIn_TC" time="19.890" errors="0" timestamp="2025-05-30T18:16:50 IST" skipped="0">
  <testcase classname="pageFactory.LogIn_TC" name="checkLog4jConfig" time="0.015"/>
  <testcase classname="pageFactory.LogIn_TC" name="setUp" time="8.219"/>
  <testcase classname="pageFactory.LogIn_TC" name="loginDetails" time="11.484"/>
  <testcase classname="pageFactory.LogIn_TC" name="quit" time="0.172"/>
</testsuite> <!-- pageFactory.LogIn_TC -->
