<?xml version="1.0" encoding="UTF-8"?>
<!-- Generated by org.testng.reporters.JUnitReportReporter -->
<testsuite hostname="DhruvPrajapati" failures="0" tests="1" name="TC_AB.Tc_SignUp_Validations" time="7.459" errors="0" timestamp="2025-06-27T15:29:49 IST" skipped="0">
  <testcase classname="TC_AB.Tc_SignUp_Validations" name="verifyValidationMsg" time="7.459"/>
</testsuite> <!-- TC_AB.Tc_SignUp_Validations -->
