<?xml version="1.0" encoding="UTF-8"?>
<!-- Generated by org.testng.reporters.JUnitReportReporter -->
<testsuite hostname="DhruvPrajapati" failures="0" tests="1" name="TC_AB.Tc_sendMessage" time="36.581" errors="0" timestamp="2025-06-19T16:58:45 IST" skipped="0">
  <testcase classname="TC_AB.Tc_sendMessage" name="sendMessage" time="36.581"/>
</testsuite> <!-- TC_AB.Tc_sendMessage -->
