<?xml version="1.0" encoding="UTF-8"?>
<!-- Generated by org.testng.reporters.JUnitReportReporter -->
<testsuite hostname="DhruvPrajapati" failures="0" tests="1" name="TC_AB.Tc_AddReview" time="68.213" errors="0" timestamp="2025-07-03T16:34:58 IST" skipped="0">
  <testcase classname="TC_AB.Tc_AddReview" name="addReview" time="68.213"/>
</testsuite> <!-- TC_AB.Tc_AddReview -->
