<?xml version="1.0" encoding="UTF-8"?>
<!-- Generated by org.testng.reporters.JUnitReportReporter -->
<testsuite hostname="DhruvPrajapati" failures="0" tests="2" name="pageFactory.SignUp_TC" time="28.220" errors="0" timestamp="2025-05-29T17:42:15 IST" skipped="0">
  <testcase classname="pageFactory.SignUp_TC" name="setUp" time="7.921"/>
  <testcase classname="pageFactory.SignUp_TC" name="addDetails" time="20.299"/>
</testsuite> <!-- pageFactory.SignUp_TC -->
