<?xml version="1.0" encoding="UTF-8"?>
<!-- Generated by org.testng.reporters.JUnitReportReporter -->
<testsuite hostname="DhruvPrajapati" failures="0" tests="1" name="Tc_AB.logIn" time="9.715" errors="0" timestamp="2025-05-16T18:28:10 IST" skipped="0">
  <testcase classname="Tc_AB.logIn" name="verifyLoginDetails" time="9.715"/>
</testsuite> <!-- Tc_AB.logIn -->
