<?xml version="1.0" encoding="UTF-8"?>
<!-- Generated by org.testng.reporters.JUnitReportReporter -->
<testsuite hostname="DhruvPrajapati" failures="0" tests="4" name="dataDriven.DataProviderLogIn" time="54.604" errors="0" timestamp="2025-06-11T16:06:21 IST" skipped="0">
  <testcase classname="dataDriven.DataProviderLogIn" name="logIn" time="15.777"/>
  <testcase classname="dataDriven.DataProviderLogIn" name="logIn" time="12.951"/>
  <testcase classname="dataDriven.DataProviderLogIn" name="logIn" time="12.921"/>
  <testcase classname="dataDriven.DataProviderLogIn" name="logIn" time="12.955"/>
</testsuite> <!-- dataDriven.DataProviderLogIn -->
