<?xml version="1.0" encoding="UTF-8"?>
<!-- Generated by org.testng.reporters.JUnitReportReporter -->
<testsuite hostname="DhruvPrajapati" failures="0" tests="1" name="Tc_AB.signUpClick" time="2.365" errors="0" timestamp="2025-05-16T17:47:36 IST" skipped="0">
  <testcase classname="Tc_AB.signUpClick" name="cickevent" time="2.365"/>
</testsuite> <!-- Tc_AB.signUpClick -->
