<?xml version="1.0" encoding="UTF-8"?>
<!-- Generated by org.testng.reporters.JUnitReportReporter -->
<testsuite hostname="DhruvPrajapati" failures="0" tests="3" name="withoutPageFactory.Tc_AcceptBooking" time="41.224" errors="0" timestamp="2025-06-13T17:36:34 IST" skipped="0">
  <testcase classname="withoutPageFactory.Tc_AcceptBooking" name="logIn" time="18.378"/>
  <testcase classname="withoutPageFactory.Tc_AcceptBooking" name="bookingsNavigation" time="10.497"/>
  <testcase classname="withoutPageFactory.Tc_AcceptBooking" name="acceptBooking" time="12.349"/>
</testsuite> <!-- withoutPageFactory.Tc_AcceptBooking -->
