<?xml version="1.0" encoding="UTF-8"?>
<!-- Generated by org.testng.reporters.JUnitReportReporter -->
<testsuite hostname="DhruvPrajapati" failures="0" tests="1" name="TC_AB.Tc_contactUs" time="22.848" errors="0" timestamp="2025-06-19T17:32:44 IST" skipped="0">
  <testcase classname="TC_AB.Tc_contactUs" name="contactUsDetails" time="22.848"/>
</testsuite> <!-- TC_AB.Tc_contactUs -->
