<?xml version="1.0" encoding="UTF-8"?>
<!-- Generated by org.testng.reporters.JUnitReportReporter -->
<testsuite hostname="DhruvPrajapati" failures="0" tests="1" name="withoutPageFactory.AssertDemo" time="23.047" errors="0" timestamp="2025-05-23T15:39:57 IST" skipped="0">
  <testcase classname="withoutPageFactory.AssertDemo" name="logIn" time="23.047"/>
</testsuite> <!-- withoutPageFactory.AssertDemo -->
