<?xml version="1.0" encoding="UTF-8"?>
<!-- Generated by org.testng.reporters.JUnitReportReporter -->
<testsuite hostname="DhruvPrajapati" failures="0" tests="1" name="TC_AB.Tc_Login_Validations" time="17.454" errors="0" timestamp="2025-07-01T17:35:33 IST" skipped="0">
  <testcase classname="TC_AB.Tc_Login_Validations" name="verifyLoginValidations" time="17.454"/>
</testsuite> <!-- TC_AB.Tc_Login_Validations -->
