<?xml version="1.0" encoding="UTF-8"?>
<!-- Generated by org.testng.reporters.JUnitReportReporter -->
<testsuite hostname="DhruvPrajapati" failures="0" tests="1" name="withoutPageFactory.LogInConfig" time="23.360" errors="0" timestamp="2025-06-04T17:21:05 IST" skipped="0">
  <testcase classname="withoutPageFactory.LogInConfig" name="logIn" time="23.360"/>
</testsuite> <!-- withoutPageFactory.LogInConfig -->
